Using pre-set license
Built from '6000.0/respin/6000.0.59f1-063c55f2fd0f' branch; Version is '6000.0.59f2 (ef281c76c3c1) revision 15673372'; Using compiler version '193933523'; Build Type 'Release'
OS: 'Windows 11  (10.0.22631) 64bit Professional' Language: 'ru' Physical Memory: 49000 MB
BatchMode: 1, IsHumanControllingUs: 0, StartBugReporterOnCrash: 0, Is64bit: 1
Date: 2025-11-23T15:26:03Z

COMMAND LINE ARGUMENTS:
C:\Program Files\Unity\Hub\Editor\6000.0.59f2\Editor\Unity.exe
-adb2
-batchMode
-noUpm
-name
AssetImportWorker11
-projectPath
D:/UnityProjects/test_task_miniIT
-logFile
Logs/AssetImportWorker11.log
-srvPort
51138
-job-worker-count
5
-background-job-worker-count
8
-gc-helper-count
1
-name
AssetImport
Successfully changed project path to: D:/UnityProjects/test_task_miniIT
D:/UnityProjects/test_task_miniIT
[UnityMemory] Configuration Parameters - Can be set up in boot.config
    "memorysetup-bucket-allocator-granularity=16"
    "memorysetup-bucket-allocator-bucket-count=8"
    "memorysetup-bucket-allocator-block-size=33554432"
    "memorysetup-bucket-allocator-block-count=8"
    "memorysetup-main-allocator-block-size=16777216"
    "memorysetup-thread-allocator-block-size=16777216"
    "memorysetup-gfx-main-allocator-block-size=16777216"
    "memorysetup-gfx-thread-allocator-block-size=16777216"
    "memorysetup-cache-allocator-block-size=4194304"
    "memorysetup-typetree-allocator-block-size=2097152"
    "memorysetup-profiler-bucket-allocator-granularity=16"
    "memorysetup-profiler-bucket-allocator-bucket-count=8"
    "memorysetup-profiler-bucket-allocator-block-size=33554432"
    "memorysetup-profiler-bucket-allocator-block-count=8"
    "memorysetup-profiler-allocator-block-size=16777216"
    "memorysetup-profiler-editor-allocator-block-size=1048576"
    "memorysetup-temp-allocator-size-main=16777216"
    "memorysetup-job-temp-allocator-block-size=2097152"
    "memorysetup-job-temp-allocator-block-size-background=1048576"
    "memorysetup-job-temp-allocator-reduction-small-platforms=262144"
    "memorysetup-allocator-temp-initial-block-size-main=262144"
    "memorysetup-allocator-temp-initial-block-size-worker=262144"
    "memorysetup-temp-allocator-size-background-worker=32768"
    "memorysetup-temp-allocator-size-job-worker=262144"
    "memorysetup-temp-allocator-size-preload-manager=33554432"
    "memorysetup-temp-allocator-size-nav-mesh-worker=65536"
    "memorysetup-temp-allocator-size-audio-worker=65536"
    "memorysetup-temp-allocator-size-cloud-worker=32768"
    "memorysetup-temp-allocator-size-gi-baking-worker=262144"
    "memorysetup-temp-allocator-size-gi-baking-worker=262144"
    "memorysetup-temp-allocator-size-gi-baking-worker=262144"
    "memorysetup-temp-allocator-size-gi-baking-worker=262144"
    "memorysetup-temp-allocator-size-gi-baking-worker=262144"
    "memorysetup-temp-allocator-size-gfx=262144"
Player connection [22860]  Target information:

Player connection [22860]  * "[IP] 192.168.31.95 [Port] 0 [Flags] 2 [Guid] 32569633 [EditorId] 32569633 [Version] 1048832 [Id] WindowsEditor(7,Home-PC) [Debug] 1 [PackageName] WindowsEditor [ProjectName] Editor" 

Player connection [22860]  * "[IP] 192.168.56.1 [Port] 0 [Flags] 2 [Guid] 32569633 [EditorId] 32569633 [Version] 1048832 [Id] WindowsEditor(7,Home-PC) [Debug] 1 [PackageName] WindowsEditor [ProjectName] Editor" 

Player connection [22860]  * "[IP] 172.16.0.2 [Port] 0 [Flags] 2 [Guid] 32569633 [EditorId] 32569633 [Version] 1048832 [Id] WindowsEditor(7,Home-PC) [Debug] 1 [PackageName] WindowsEditor [ProjectName] Editor" 

Player connection [22860] Host joined multi-casting on [225.0.0.222:54997]...
Player connection [22860] Host joined alternative multi-casting on [225.0.0.222:34997]...
JobSystem: Creating JobQueue using job-worker-count value 5
Input System module state changed to: Initialized.
[Physics::Module] Initialized fallback backend.
[Physics::Module] Id: 0xdecafbad
Library Redirect Path: Library/
[Physics::Module] Selected backend.
[Physics::Module] Name: PhysX
[Physics::Module] Id: 0xf2b8ea05
[Physics::Module] SDK Version: 4.1.2
[Physics::Module] Integration Version: 1.0.0
[Physics::Module] Threading Mode: Multi-Threaded
Refreshing native plugins compatible for Editor in 1.25 ms, found 3 plugins.
Preloading 0 native plugins for Editor in 0.00 ms.
Initialize engine version: 6000.0.59f2 (ef281c76c3c1)
[Subsystems] Discovering subsystems at path C:/Program Files/Unity/Hub/Editor/6000.0.59f2/Editor/Data/Resources/UnitySubsystems
[Subsystems] Discovering subsystems at path D:/UnityProjects/test_task_miniIT/Assets
GfxDevice: creating device client; kGfxThreadingModeNonThreaded
Direct3D:
    Version:  Direct3D 11.0 [level 11.1]
    Renderer: AMD Radeon RX 580 2048SP (ID=0x6fdf)
    Vendor:   ATI
    VRAM:     8170 MB
    Driver:   31.0.21923.1000
Initialize mono
Mono path[0] = 'C:/Program Files/Unity/Hub/Editor/6000.0.59f2/Editor/Data/Managed'
Mono path[1] = 'C:/Program Files/Unity/Hub/Editor/6000.0.59f2/Editor/Data/MonoBleedingEdge/lib/mono/unityjit-win32'
Mono config path = 'C:/Program Files/Unity/Hub/Editor/6000.0.59f2/Editor/Data/MonoBleedingEdge/etc'
Using monoOptions --debugger-agent=transport=dt_socket,embedding=1,server=y,suspend=n,address=127.0.0.1:56932
Begin MonoManager ReloadAssembly
Registering precompiled unity dll's ...
Register platform support module: C:/Program Files/Unity/Hub/Editor/6000.0.59f2/Editor/Data/PlaybackEngines/WebGLSupport/UnityEditor.WebGL.Extensions.dll
Register platform support module: C:/Program Files/Unity/Hub/Editor/6000.0.59f2/Editor/Data/PlaybackEngines/WindowsStandaloneSupport/UnityEditor.WindowsStandalone.Extensions.dll
Register platform support module: C:/Program Files/Unity/Hub/Editor/6000.0.59f2/Editor/Data/PlaybackEngines/AndroidPlayer/UnityEditor.Android.Extensions.dll
Registered in 0.003067 seconds.
- Loaded All Assemblies, in  0.396 seconds
Native extension for Android target not found
Android Extension - Scanning For ADB Devices 256 ms
Native extension for WindowsStandalone target not found
Native extension for WebGL target not found
Mono: successfully reloaded assembly
- Finished resetting the current domain, in  0.611 seconds
Domain Reload Profiling: 1006ms
	BeginReloadAssembly (123ms)
		ExecutionOrderSort (0ms)
		DisableScriptedObjects (0ms)
		BackupInstance (0ms)
		ReleaseScriptingObjects (0ms)
		CreateAndSetChildDomain (1ms)
	RebuildCommonClasses (36ms)
	RebuildNativeTypeToScriptingClass (15ms)
	initialDomainReloadingComplete (48ms)
	LoadAllAssembliesAndSetupDomain (174ms)
		LoadAssemblies (123ms)
		RebuildTransferFunctionScriptingTraits (0ms)
		AnalyzeDomain (169ms)
			TypeCache.Refresh (168ms)
				TypeCache.ScanAssembly (154ms)
			BuildScriptInfoCaches (0ms)
			ResolveRequiredComponents (0ms)
	FinalizeReload (612ms)
		ReleaseScriptCaches (0ms)
		RebuildScriptCaches (0ms)
		SetupLoadedEditorAssemblies (558ms)
			LogAssemblyErrors (0ms)
			InitializePlatformSupportModulesInManaged (345ms)
			SetLoadedEditorAssemblies (5ms)
			BeforeProcessingInitializeOnLoad (51ms)
			ProcessInitializeOnLoadAttributes (113ms)
			ProcessInitializeOnLoadMethodAttributes (44ms)
			AfterProcessingInitializeOnLoad (0ms)
			EditorAssembliesLoaded (0ms)
		ExecutionOrderSort2 (0ms)
		AwakeInstancesAfterBackupRestoration (0ms)
========================================================================
Worker process is ready to serve import requests
Import Worker Mode flag is 0x00
Begin MonoManager ReloadAssembly
- Loaded All Assemblies, in  0.598 seconds
Refreshing native plugins compatible for Editor in 0.74 ms, found 3 plugins.
Native extension for Android target not found
Native extension for WindowsStandalone target not found
Native extension for WebGL target not found
Package Manager log level set to [2]
[Package Manager] Failed to launch server process. Reason: Unity was launched with the -noUpm command-line argument
[Package Manager] Unable to send message (not connected to server process).
[Package Manager] Cannot connect to Unity Package Manager local server
Mono: successfully reloaded assembly
- Finished resetting the current domain, in  0.683 seconds
Domain Reload Profiling: 1281ms
	BeginReloadAssembly (162ms)
		ExecutionOrderSort (0ms)
		DisableScriptedObjects (6ms)
		BackupInstance (0ms)
		ReleaseScriptingObjects (0ms)
		CreateAndSetChildDomain (32ms)
	RebuildCommonClasses (31ms)
	RebuildNativeTypeToScriptingClass (11ms)
	initialDomainReloadingComplete (33ms)
	LoadAllAssembliesAndSetupDomain (359ms)
		LoadAssemblies (284ms)
		RebuildTransferFunctionScriptingTraits (0ms)
		AnalyzeDomain (162ms)
			TypeCache.Refresh (126ms)
				TypeCache.ScanAssembly (113ms)
			BuildScriptInfoCaches (29ms)
			ResolveRequiredComponents (5ms)
	FinalizeReload (684ms)
		ReleaseScriptCaches (0ms)
		RebuildScriptCaches (0ms)
		SetupLoadedEditorAssemblies (564ms)
			LogAssemblyErrors (0ms)
			InitializePlatformSupportModulesInManaged (11ms)
			SetLoadedEditorAssemblies (6ms)
			BeforeProcessingInitializeOnLoad (137ms)
			ProcessInitializeOnLoadAttributes (358ms)
			ProcessInitializeOnLoadMethodAttributes (50ms)
			AfterProcessingInitializeOnLoad (3ms)
			EditorAssembliesLoaded (0ms)
		ExecutionOrderSort2 (0ms)
		AwakeInstancesAfterBackupRestoration (5ms)
Launched and connected shader compiler UnityShaderCompiler.exe after 0.01 seconds
Refreshing native plugins compatible for Editor in 0.88 ms, found 3 plugins.
Preloading 0 native plugins for Editor in 0.00 ms.
Unloading 0 Unused Serialized files (Serialized files now loaded: 0)
Unloading 4224 unused Assets / (1.0 MB). Loaded Objects now: 4742.
Memory consumption went from 95.9 MB to 94.9 MB.
Total: 5.926400 ms (FindLiveObjects: 0.462900 ms CreateObjectMapping: 0.205100 ms MarkObjects: 4.246800 ms  DeleteObjects: 1.010700 ms)

========================================================================
Received Import Request.
  Time since last request: 20530.936546 seconds.
  path: Assets/Art/2D Space Kit/Background Elements/Planets/Thick Atmo 1.png
  artifactKey: Guid(414e39860927b6c4daaa99c88c5e80e5) Importer(2089858483,192608db42251d675da83286b1cce702)
Start importing Assets/Art/2D Space Kit/Background Elements/Planets/Thick Atmo 1.png using Guid(414e39860927b6c4daaa99c88c5e80e5) Importer(2089858483,192608db42251d675da83286b1cce702) (ScriptedImporter) -> (artifact id: 'bb54522933a8e6cf472d999058505285') in 0.7064276 seconds
Number of updated asset objects reloaded before import = 0Number of asset objects unloaded after import = 3

========================================================================
Received Import Request.
  Time since last request: 0.000025 seconds.
  path: Assets/Art/2D Space Kit/Background Elements/Dust and Nebulae/EM Cloud (3).png
  artifactKey: Guid(615fb1979dae6af4bb31040fe927cdcd) Importer(2089858483,192608db42251d675da83286b1cce702)
Start importing Assets/Art/2D Space Kit/Background Elements/Dust and Nebulae/EM Cloud (3).png using Guid(615fb1979dae6af4bb31040fe927cdcd) Importer(2089858483,192608db42251d675da83286b1cce702) (ScriptedImporter) -> (artifact id: '954cc5f9528d8b727ccacd993f4a2635') in 0.0140008 seconds
Number of updated asset objects reloaded before import = 0Number of asset objects unloaded after import = 1

========================================================================
Received Import Request.
  Time since last request: 0.000056 seconds.
  path: Assets/Art/2D Space Kit/Ships and Stations/Huge 1.png
  artifactKey: Guid(19ea3c87eb07d7f429b7164c647f167f) Importer(2089858483,192608db42251d675da83286b1cce702)
Start importing Assets/Art/2D Space Kit/Ships and Stations/Huge 1.png using Guid(19ea3c87eb07d7f429b7164c647f167f) Importer(2089858483,192608db42251d675da83286b1cce702) (ScriptedImporter) -> (artifact id: '3245735e3980aaace77f10acefb32a3f') in 0.0383666 seconds
Number of updated asset objects reloaded before import = 0Number of asset objects unloaded after import = 3

========================================================================
Received Import Request.
  Time since last request: 0.091500 seconds.
  path: Assets/Sound
  artifactKey: Guid(b71c056e0489dfb4d948422b4a00d4ea) Importer(815301076,1909f56bfc062723c751e8b465ee728b)
Start importing Assets/Sound using Guid(b71c056e0489dfb4d948422b4a00d4ea) Importer(815301076,1909f56bfc062723c751e8b465ee728b) (PreviewImporter) -> (artifact id: 'a7c0a43fd3dd5555b50bad95a95b10fe') in 0.0004852 seconds
Number of updated asset objects reloaded before import = 0Number of asset objects unloaded after import = 0

========================================================================
Received Import Request.
  Time since last request: 0.072329 seconds.
  path: Assets/Art/2D Space Kit/Particles (Sprites)/DustSpray (1).png
  artifactKey: Guid(0c46a108de586de4da749c8c5ba30ec3) Importer(2089858483,192608db42251d675da83286b1cce702)
Start importing Assets/Art/2D Space Kit/Particles (Sprites)/DustSpray (1).png using Guid(0c46a108de586de4da749c8c5ba30ec3) Importer(2089858483,192608db42251d675da83286b1cce702) (ScriptedImporter) -> (artifact id: '63b39b2500a2dba89edf62e46a2f32f3') in 0.3814282 seconds
Number of updated asset objects reloaded before import = 0Number of asset objects unloaded after import = 3

========================================================================
Received Import Request.
  Time since last request: 0.000019 seconds.
  path: Assets/Art/2D Space Kit/Asteroids/Asteroid 4.png
  artifactKey: Guid(f254e398beb012142a24633fa2b82def) Importer(2089858483,192608db42251d675da83286b1cce702)
Start importing Assets/Art/2D Space Kit/Asteroids/Asteroid 4.png using Guid(f254e398beb012142a24633fa2b82def) Importer(2089858483,192608db42251d675da83286b1cce702) (ScriptedImporter) -> (artifact id: 'a03ca32ed8d1b3f0ef199eb04d2920a2') in 0.0172911 seconds
Number of updated asset objects reloaded before import = 0Number of asset objects unloaded after import = 3

========================================================================
Received Import Request.
  Time since last request: 0.000041 seconds.
  path: Assets/Art/2D Space Kit/Particles (Sprites)/DustSpray (2).png
  artifactKey: Guid(86fb24d85ff46c2478675ef1b33e5869) Importer(2089858483,192608db42251d675da83286b1cce702)
Start importing Assets/Art/2D Space Kit/Particles (Sprites)/DustSpray (2).png using Guid(86fb24d85ff46c2478675ef1b33e5869) Importer(2089858483,192608db42251d675da83286b1cce702) (ScriptedImporter) -> (artifact id: '4db621e84e6fc1aa1c16814e47139c71') in 0.0174397 seconds
Number of updated asset objects reloaded before import = 0Number of asset objects unloaded after import = 3

========================================================================
Received Import Request.
  Time since last request: 0.082915 seconds.
  path: Assets/Art/2D Space Kit/Backgrounds/Fantasy Purple 2048/Fantasy 6.jpg
  artifactKey: Guid(cf301a0922f974b479929d2f98cf7180) Importer(2089858483,192608db42251d675da83286b1cce702)
Start importing Assets/Art/2D Space Kit/Backgrounds/Fantasy Purple 2048/Fantasy 6.jpg using Guid(cf301a0922f974b479929d2f98cf7180) Importer(2089858483,192608db42251d675da83286b1cce702) (ScriptedImporter) -> (artifact id: 'cf1b28540939a26a702b47c32f5b2ae1') in 0.3461591 seconds
Number of updated asset objects reloaded before import = 0Number of asset objects unloaded after import = 3

========================================================================
Received Import Request.
  Time since last request: 0.153901 seconds.
  path: Assets/Art/2D Space Kit/Ships and Stations/Station 1.png
  artifactKey: Guid(4af45e89e7061e7409f6aafe3149425b) Importer(2089858483,192608db42251d675da83286b1cce702)
Start importing Assets/Art/2D Space Kit/Ships and Stations/Station 1.png using Guid(4af45e89e7061e7409f6aafe3149425b) Importer(2089858483,192608db42251d675da83286b1cce702) (ScriptedImporter) -> (artifact id: '869bcf76b29a06af92a01c61ce57e9fc') in 0.1077557 seconds
Number of updated asset objects reloaded before import = 0Number of asset objects unloaded after import = 3

========================================================================
Received Import Request.
  Time since last request: 0.000025 seconds.
  path: Assets/Art/2D Space Kit/Background Elements/Planets/Planet Masks/Mask Right 2.png
  artifactKey: Guid(d3c4741a820942b4781b67434cfeda89) Importer(2089858483,192608db42251d675da83286b1cce702)
Start importing Assets/Art/2D Space Kit/Background Elements/Planets/Planet Masks/Mask Right 2.png using Guid(d3c4741a820942b4781b67434cfeda89) Importer(2089858483,192608db42251d675da83286b1cce702) (ScriptedImporter) -> (artifact id: 'fc0131701200e14a878299f37d304fee') in 0.0927834 seconds
Number of updated asset objects reloaded before import = 0Number of asset objects unloaded after import = 3

========================================================================
Received Import Request.
  Time since last request: 4.247874 seconds.
  path: Assets/Art/Universe Sounds Free Pack/Blows/Blow shield.wav
  artifactKey: Guid(a7696a2bf114ed3438fefac35ec6ec66) Importer(2089858483,192608db42251d675da83286b1cce702)
Start importing Assets/Art/Universe Sounds Free Pack/Blows/Blow shield.wav using Guid(a7696a2bf114ed3438fefac35ec6ec66) Importer(2089858483,192608db42251d675da83286b1cce702) (ScriptedImporter) -> (artifact id: '2d5e2fa6576688e40aa12eff6a36c340') in 0.0571907 seconds
Number of updated asset objects reloaded before import = 0Number of asset objects unloaded after import = 1

========================================================================
Received Import Request.
  Time since last request: 0.000029 seconds.
  path: Assets/Art/2D Space Kit/Particles (Sprites)/Projectile Thin.png
  artifactKey: Guid(2b9d02daf092f1f4589868061e46f087) Importer(2089858483,192608db42251d675da83286b1cce702)
Start importing Assets/Art/2D Space Kit/Particles (Sprites)/Projectile Thin.png using Guid(2b9d02daf092f1f4589868061e46f087) Importer(2089858483,192608db42251d675da83286b1cce702) (ScriptedImporter) -> (artifact id: '27af38212ef6366b4f2f9cf639f08bd3') in 0.0211251 seconds
Number of updated asset objects reloaded before import = 0Number of asset objects unloaded after import = 3

========================================================================
Received Import Request.
  Time since last request: 0.000020 seconds.
  path: Assets/Art/Sci-Fi UI/_SciFi_GUISkin_/Skin_Assets/buttons/button1.png
  artifactKey: Guid(8a6f536f4b2392f40afb62df609f6e40) Importer(2089858483,192608db42251d675da83286b1cce702)
Start importing Assets/Art/Sci-Fi UI/_SciFi_GUISkin_/Skin_Assets/buttons/button1.png using Guid(8a6f536f4b2392f40afb62df609f6e40) Importer(2089858483,192608db42251d675da83286b1cce702) (ScriptedImporter) -> (artifact id: 'cc68d7ba37c27caa5de0c807298206c7') in 0.0143535 seconds
Number of updated asset objects reloaded before import = 0Number of asset objects unloaded after import = 3

========================================================================
Received Import Request.
  Time since last request: 0.000015 seconds.
  path: Assets/Art/Sci-Fi UI/_SciFi_GUISkin_/Bonus_Assets/bars/progress_bar.png
  artifactKey: Guid(be40ff228ca528248b495d5025a1e327) Importer(2089858483,192608db42251d675da83286b1cce702)
Start importing Assets/Art/Sci-Fi UI/_SciFi_GUISkin_/Bonus_Assets/bars/progress_bar.png using Guid(be40ff228ca528248b495d5025a1e327) Importer(2089858483,192608db42251d675da83286b1cce702) (ScriptedImporter) -> (artifact id: '5a77a5b4c86649834eaf72a4932404e4') in 0.013748 seconds
Number of updated asset objects reloaded before import = 0Number of asset objects unloaded after import = 1

========================================================================
Received Import Request.
  Time since last request: 0.000048 seconds.
  path: Assets/Art/Universe Sounds Free Pack/Blows/Blow Distance.wav
  artifactKey: Guid(8b8b193dd11d0f140b03e7fd362e521a) Importer(2089858483,192608db42251d675da83286b1cce702)
Start importing Assets/Art/Universe Sounds Free Pack/Blows/Blow Distance.wav using Guid(8b8b193dd11d0f140b03e7fd362e521a) Importer(2089858483,192608db42251d675da83286b1cce702) (ScriptedImporter) -> (artifact id: '99f4802a3f3026284976ed27a1c982e2') in 0.0504816 seconds
Number of updated asset objects reloaded before import = 0Number of asset objects unloaded after import = 1

========================================================================
Received Import Request.
  Time since last request: 0.000025 seconds.
  path: Assets/Art/Sci-Fi UI/_SciFi_GUISkin_/Skin_Assets/font/zekton free.ttf
  artifactKey: Guid(8297a2bf97dbbba468bd2518d003a876) Importer(2089858483,192608db42251d675da83286b1cce702)
Start importing Assets/Art/Sci-Fi UI/_SciFi_GUISkin_/Skin_Assets/font/zekton free.ttf using Guid(8297a2bf97dbbba468bd2518d003a876) Importer(2089858483,192608db42251d675da83286b1cce702) (ScriptedImporter) -> (artifact id: 'f94a7f914452793dd8e47123efe3806c') in 0.0204439 seconds
Number of updated asset objects reloaded before import = 0Number of asset objects unloaded after import = 3

========================================================================
Received Import Request.
  Time since last request: 0.000017 seconds.
  path: Assets/Art/Sci-Fi UI/_SciFi_GUISkin_/Bonus_Assets/bars/bar_purple.png
  artifactKey: Guid(1ceb59d66cd59eb40a2da04ee9509bd1) Importer(2089858483,192608db42251d675da83286b1cce702)
Start importing Assets/Art/Sci-Fi UI/_SciFi_GUISkin_/Bonus_Assets/bars/bar_purple.png using Guid(1ceb59d66cd59eb40a2da04ee9509bd1) Importer(2089858483,192608db42251d675da83286b1cce702) (ScriptedImporter) -> (artifact id: 'b149efc4e0c785d77b0af8901a5c2bfb') in 0.0129679 seconds
Number of updated asset objects reloaded before import = 0Number of asset objects unloaded after import = 1

========================================================================
Received Import Request.
  Time since last request: 0.000048 seconds.
  path: Assets/Art/Sci-Fi UI/_SciFi_GUISkin_/Bonus_Assets/bars/background_bar1.png
  artifactKey: Guid(fd496259f55fb1f4f89429cd523c1af9) Importer(2089858483,192608db42251d675da83286b1cce702)
Start importing Assets/Art/Sci-Fi UI/_SciFi_GUISkin_/Bonus_Assets/bars/background_bar1.png using Guid(fd496259f55fb1f4f89429cd523c1af9) Importer(2089858483,192608db42251d675da83286b1cce702) (ScriptedImporter) -> (artifact id: '14572beee8fb365d723012609ab9a3a7') in 0.0140907 seconds
Number of updated asset objects reloaded before import = 0Number of asset objects unloaded after import = 1

========================================================================
Received Import Request.
  Time since last request: 0.000044 seconds.
  path: Assets/Art/Sci-Fi UI/_SciFi_GUISkin_/Skin_Assets/buttons/rocket.png
  artifactKey: Guid(3b8db7241fc8ff54e9dea6fc64cfd7e5) Importer(2089858483,192608db42251d675da83286b1cce702)
Start importing Assets/Art/Sci-Fi UI/_SciFi_GUISkin_/Skin_Assets/buttons/rocket.png using Guid(3b8db7241fc8ff54e9dea6fc64cfd7e5) Importer(2089858483,192608db42251d675da83286b1cce702) (ScriptedImporter) -> (artifact id: '27e0cff9d657a7d9a6b10f320f9a5620') in 0.0173188 seconds
Number of updated asset objects reloaded before import = 0Number of asset objects unloaded after import = 3

========================================================================
Received Import Request.
  Time since last request: 0.000016 seconds.
  path: Assets/Art/Universe Sounds Free Pack/Music/Universe Music.wav
  artifactKey: Guid(816b6eab58d24c646a55f35fb63b0f1f) Importer(2089858483,192608db42251d675da83286b1cce702)
Start importing Assets/Art/Universe Sounds Free Pack/Music/Universe Music.wav using Guid(816b6eab58d24c646a55f35fb63b0f1f) Importer(2089858483,192608db42251d675da83286b1cce702) (ScriptedImporter) -> (artifact id: '12df7378c9e19e9a7710ee2cac617e69') in 0.6707753 seconds
Number of updated asset objects reloaded before import = 0Number of asset objects unloaded after import = 1

========================================================================
Received Import Request.
  Time since last request: 0.000019 seconds.
  path: Assets/Art/2D Space Kit/Debris/Debris (4).png
  artifactKey: Guid(1ac351cd14b08e04db823ec9346d42f8) Importer(2089858483,192608db42251d675da83286b1cce702)
Start importing Assets/Art/2D Space Kit/Debris/Debris (4).png using Guid(1ac351cd14b08e04db823ec9346d42f8) Importer(2089858483,192608db42251d675da83286b1cce702) (ScriptedImporter) -> (artifact id: 'b11179a7d84c88351a9baf41f1565003') in 0.0142482 seconds
Number of updated asset objects reloaded before import = 0Number of asset objects unloaded after import = 3

========================================================================
Received Import Request.
  Time since last request: 0.000025 seconds.
  path: Assets/Art/2D Space Kit/Background Elements/Planets/Earthlike 2.png
  artifactKey: Guid(3442ac8dad963a747bb2692857498584) Importer(2089858483,192608db42251d675da83286b1cce702)
Start importing Assets/Art/2D Space Kit/Background Elements/Planets/Earthlike 2.png using Guid(3442ac8dad963a747bb2692857498584) Importer(2089858483,192608db42251d675da83286b1cce702) (ScriptedImporter) -> (artifact id: 'a49ea8dbb29b038c1bb8caf02dd932d5') in 0.7138153 seconds
Number of updated asset objects reloaded before import = 0Number of asset objects unloaded after import = 3

========================================================================
Received Import Request.
  Time since last request: 0.000025 seconds.
  path: Assets/Art/2D Space Kit/Particles (Sprites)/Note on Flares.txt
  artifactKey: Guid(f9a721ff2cbff264582c8b7c20202d55) Importer(2089858483,192608db42251d675da83286b1cce702)
Start importing Assets/Art/2D Space Kit/Particles (Sprites)/Note on Flares.txt using Guid(f9a721ff2cbff264582c8b7c20202d55) Importer(2089858483,192608db42251d675da83286b1cce702) (ScriptedImporter) -> (artifact id: 'e73191898d80f249c7bf565bcca39ec0') in 0.006019 seconds
Number of updated asset objects reloaded before import = 0Number of asset objects unloaded after import = 1

========================================================================
Received Import Request.
  Time since last request: 0.000053 seconds.
  path: Assets/Art/2D Space Kit/Background Elements/Planets/Desert 2.png
  artifactKey: Guid(e3694e2f530c77047a06a0882da24e1f) Importer(2089858483,192608db42251d675da83286b1cce702)
Start importing Assets/Art/2D Space Kit/Background Elements/Planets/Desert 2.png using Guid(e3694e2f530c77047a06a0882da24e1f) Importer(2089858483,192608db42251d675da83286b1cce702) (ScriptedImporter) -> (artifact id: 'a4e50dc29a09a2bcf462d33e34a3c54f') in 0.6595321 seconds
Number of updated asset objects reloaded before import = 0Number of asset objects unloaded after import = 3

========================================================================
Received Import Request.
  Time since last request: 0.000031 seconds.
  path: Assets/Art/2D Space Kit/Particles (Sprites)/Beam.png
  artifactKey: Guid(84bc948f5c3f1a94a92d5aedb88f2084) Importer(2089858483,192608db42251d675da83286b1cce702)
Start importing Assets/Art/2D Space Kit/Particles (Sprites)/Beam.png using Guid(84bc948f5c3f1a94a92d5aedb88f2084) Importer(2089858483,192608db42251d675da83286b1cce702) (ScriptedImporter) -> (artifact id: '2e00dc2a62339816ee5d953e11bc358e') in 0.0136121 seconds
Number of updated asset objects reloaded before import = 0Number of asset objects unloaded after import = 1

========================================================================
Received Import Request.
  Time since last request: 0.000026 seconds.
  path: Assets/Art/2D Space Kit/Readme.txt
  artifactKey: Guid(430eb88e35c317b4d8c157dd4f979823) Importer(2089858483,192608db42251d675da83286b1cce702)
Start importing Assets/Art/2D Space Kit/Readme.txt using Guid(430eb88e35c317b4d8c157dd4f979823) Importer(2089858483,192608db42251d675da83286b1cce702) (ScriptedImporter) -> (artifact id: 'b32e0129a428da366746bb85cb5a5c6f') in 0.0059959 seconds
Number of updated asset objects reloaded before import = 0Number of asset objects unloaded after import = 1

========================================================================
Received Import Request.
  Time since last request: 0.000064 seconds.
  path: Assets/Art/2D Space Kit/Asteroids/Asteroid 2.png
  artifactKey: Guid(0f3a720ed8c07f14ea6b92d6fefc8c0c) Importer(2089858483,192608db42251d675da83286b1cce702)
Start importing Assets/Art/2D Space Kit/Asteroids/Asteroid 2.png using Guid(0f3a720ed8c07f14ea6b92d6fefc8c0c) Importer(2089858483,192608db42251d675da83286b1cce702) (ScriptedImporter) -> (artifact id: 'e6965b758062d137b126106ac526c1a3') in 0.0176946 seconds
Number of updated asset objects reloaded before import = 0Number of asset objects unloaded after import = 3

========================================================================
Received Import Request.
  Time since last request: 0.000016 seconds.
  path: Assets/Art/2D Space Kit/Background Elements/Planets/Gas 1.png
  artifactKey: Guid(d83a39fbdcc73354d815cab77c2f64e6) Importer(2089858483,192608db42251d675da83286b1cce702)
Start importing Assets/Art/2D Space Kit/Background Elements/Planets/Gas 1.png using Guid(d83a39fbdcc73354d815cab77c2f64e6) Importer(2089858483,192608db42251d675da83286b1cce702) (ScriptedImporter) -> (artifact id: '58edad97e27a11300aeec0f5e56ff8ef') in 0.7453118 seconds
Number of updated asset objects reloaded before import = 0Number of asset objects unloaded after import = 3

========================================================================
Received Import Request.
  Time since last request: 0.000019 seconds.
  path: Assets/Art/2D Space Kit/Particles (Sprites)/Materials/Smoke Trail 2.mat
  artifactKey: Guid(b4c2576f22771bb49a502bb2b75ba1b5) Importer(2089858483,192608db42251d675da83286b1cce702)
Start importing Assets/Art/2D Space Kit/Particles (Sprites)/Materials/Smoke Trail 2.mat using Guid(b4c2576f22771bb49a502bb2b75ba1b5) Importer(2089858483,192608db42251d675da83286b1cce702) (ScriptedImporter) -> (artifact id: 'd162e89cdc075a73fb89d7e606785277') in 0.0162727 seconds
Number of updated asset objects reloaded before import = 0Number of asset objects unloaded after import = 2

========================================================================
Received Import Request.
  Time since last request: 0.000023 seconds.
  path: Assets/Art/2D Space Kit/Ships and Stations/Cruiser 2.png
  artifactKey: Guid(f0630834cdbcfa44e9df53403e44cd58) Importer(2089858483,192608db42251d675da83286b1cce702)
Start importing Assets/Art/2D Space Kit/Ships and Stations/Cruiser 2.png using Guid(f0630834cdbcfa44e9df53403e44cd58) Importer(2089858483,192608db42251d675da83286b1cce702) (ScriptedImporter) -> (artifact id: 'b67f10b25e7c6b8c93fa2ed0c7d9f3c0') in 0.0163948 seconds
Number of updated asset objects reloaded before import = 0Number of asset objects unloaded after import = 3

========================================================================
Received Import Request.
  Time since last request: 0.000018 seconds.
  path: Assets/Art/2D Space Kit/Backgrounds/6.png
  artifactKey: Guid(95098202e088b6d48b2ce02978c8713b) Importer(2089858483,192608db42251d675da83286b1cce702)
Start importing Assets/Art/2D Space Kit/Backgrounds/6.png using Guid(95098202e088b6d48b2ce02978c8713b) Importer(2089858483,192608db42251d675da83286b1cce702) (ScriptedImporter) -> (artifact id: '857796fa33e8a7e122249a7f954377a1') in 0.866418 seconds
Number of updated asset objects reloaded before import = 0Number of asset objects unloaded after import = 3

========================================================================
Received Import Request.
  Time since last request: 0.000029 seconds.
  path: Assets/Art/2D Space Kit/Ships and Stations/Turret Platform.png
  artifactKey: Guid(76b0aac3cf1d96c4dbe96461a16846a8) Importer(2089858483,192608db42251d675da83286b1cce702)
Start importing Assets/Art/2D Space Kit/Ships and Stations/Turret Platform.png using Guid(76b0aac3cf1d96c4dbe96461a16846a8) Importer(2089858483,192608db42251d675da83286b1cce702) (ScriptedImporter) -> (artifact id: '629f32b2d4b4bbf65e04fcfc98196a50') in 0.0158811 seconds
Number of updated asset objects reloaded before import = 0Number of asset objects unloaded after import = 3

========================================================================
Received Import Request.
  Time since last request: 0.000026 seconds.
  path: Assets/Art/2D Space Kit/Prefabs/Explosion 1.prefab
  artifactKey: Guid(35a6285d727e1d8429dab6d18abe8855) Importer(2089858483,192608db42251d675da83286b1cce702)
Start importing Assets/Art/2D Space Kit/Prefabs/Explosion 1.prefab using Guid(35a6285d727e1d8429dab6d18abe8855) Importer(2089858483,192608db42251d675da83286b1cce702) (ScriptedImporter) -> (artifact id: '7a43ef8a0c5e43b9d4906a512c8ada7c') in 0.1290844 seconds
Number of updated asset objects reloaded before import = 0Number of asset objects unloaded after import = 13

========================================================================
Received Import Request.
  Time since last request: 0.000015 seconds.
  path: Assets/Art/2D Space Kit/Background Elements/Dust and Nebulae/Nebula 1.png
  artifactKey: Guid(26634c500603917408e265331ca4f2e2) Importer(2089858483,192608db42251d675da83286b1cce702)
Start importing Assets/Art/2D Space Kit/Background Elements/Dust and Nebulae/Nebula 1.png using Guid(26634c500603917408e265331ca4f2e2) Importer(2089858483,192608db42251d675da83286b1cce702) (ScriptedImporter) -> (artifact id: '7fdd250d73e4184718166000123b4648') in 0.0201554 seconds
Number of updated asset objects reloaded before import = 0Number of asset objects unloaded after import = 3

========================================================================
Received Import Request.
  Time since last request: 0.000015 seconds.
  path: Assets/Art/2D Space Kit/Particles (Sprites)/Smoke 2.png
  artifactKey: Guid(b0ed85a272b9b72439cc52dc2433f092) Importer(2089858483,192608db42251d675da83286b1cce702)
Start importing Assets/Art/2D Space Kit/Particles (Sprites)/Smoke 2.png using Guid(b0ed85a272b9b72439cc52dc2433f092) Importer(2089858483,192608db42251d675da83286b1cce702) (ScriptedImporter) -> (artifact id: '2429c7ba2538e2d63ffa972d6c551ec8') in 0.0159122 seconds
Number of updated asset objects reloaded before import = 0Number of asset objects unloaded after import = 3

========================================================================
Received Import Request.
  Time since last request: 0.000016 seconds.
  path: Assets/Art/2D Space Kit/Asteroids/Asteroid 1.png
  artifactKey: Guid(ee8261317c1ff734daa9da91d24312b3) Importer(2089858483,192608db42251d675da83286b1cce702)
Start importing Assets/Art/2D Space Kit/Asteroids/Asteroid 1.png using Guid(ee8261317c1ff734daa9da91d24312b3) Importer(2089858483,192608db42251d675da83286b1cce702) (ScriptedImporter) -> (artifact id: 'fffb3e0c0e7acd974e19b696923e6227') in 0.2257455 seconds
Number of updated asset objects reloaded before import = 0Number of asset objects unloaded after import = 3

========================================================================
Received Import Request.
  Time since last request: 0.000056 seconds.
  path: Assets/Art/2D Space Kit/Turrets/Turret Medium 3.png
  artifactKey: Guid(c2fcd762a8bd6cf4dbd18ba12ddc1525) Importer(2089858483,192608db42251d675da83286b1cce702)
Start importing Assets/Art/2D Space Kit/Turrets/Turret Medium 3.png using Guid(c2fcd762a8bd6cf4dbd18ba12ddc1525) Importer(2089858483,192608db42251d675da83286b1cce702) (ScriptedImporter) -> (artifact id: '1c28032b64f6ed038ba211c18dd03f00') in 0.0189471 seconds
Number of updated asset objects reloaded before import = 0Number of asset objects unloaded after import = 3

========================================================================
Received Import Request.
  Time since last request: 0.000026 seconds.
  path: Assets/Art/2D Space Kit/Background Elements/Stars/Dwarf.png
  artifactKey: Guid(b641725fae57b5a45b7dcc72ff9eb6d5) Importer(2089858483,192608db42251d675da83286b1cce702)
Start importing Assets/Art/2D Space Kit/Background Elements/Stars/Dwarf.png using Guid(b641725fae57b5a45b7dcc72ff9eb6d5) Importer(2089858483,192608db42251d675da83286b1cce702) (ScriptedImporter) -> (artifact id: 'b924b89ec90b80ce659336468e1dbb38') in 0.0203819 seconds
Number of updated asset objects reloaded before import = 0Number of asset objects unloaded after import = 3

========================================================================
Received Import Request.
  Time since last request: 0.000022 seconds.
  path: Assets/Art/2D Space Kit/Background Elements/Planets/Earthlike 1.png
  artifactKey: Guid(8af57e43b5767104580271d5d970c4bb) Importer(2089858483,192608db42251d675da83286b1cce702)
Start importing Assets/Art/2D Space Kit/Background Elements/Planets/Earthlike 1.png using Guid(8af57e43b5767104580271d5d970c4bb) Importer(2089858483,192608db42251d675da83286b1cce702) (ScriptedImporter) -> (artifact id: '2cbe02ee9b1c78988bfb6f73a0428b73') in 0.4021931 seconds
Number of updated asset objects reloaded before import = 0Number of asset objects unloaded after import = 3

========================================================================
Received Import Request.
  Time since last request: 0.000019 seconds.
  path: Assets/Art/2D Space Kit/Scripts/ShipCamera.cs
  artifactKey: Guid(57325101ec0f256438af8aed6522c0e1) Importer(2089858483,192608db42251d675da83286b1cce702)
Start importing Assets/Art/2D Space Kit/Scripts/ShipCamera.cs using Guid(57325101ec0f256438af8aed6522c0e1) Importer(2089858483,192608db42251d675da83286b1cce702) (ScriptedImporter) -> (artifact id: '05226da47fd980be29f63d6866e38cb9') in 0.0045054 seconds
Number of updated asset objects reloaded before import = 0Number of asset objects unloaded after import = 0

========================================================================
Received Import Request.
  Time since last request: 0.000065 seconds.
  path: Assets/Art/2D Space Kit/Example Scene/Demo.unity
  artifactKey: Guid(f248b8ef3bed796479c555bf28de8e41) Importer(2089858483,192608db42251d675da83286b1cce702)
Start importing Assets/Art/2D Space Kit/Example Scene/Demo.unity using Guid(f248b8ef3bed796479c555bf28de8e41) Importer(2089858483,192608db42251d675da83286b1cce702) (ScriptedImporter) -> (artifact id: 'e9aa46987eee04aef93572ad13e6787c') in 0.0575548 seconds
Number of updated asset objects reloaded before import = 0Number of asset objects unloaded after import = 1

========================================================================
Received Import Request.
  Time since last request: 0.000038 seconds.
  path: Assets/Art/2D Space Kit/Debris/Debris (1).png
  artifactKey: Guid(8d6eaaefbef73894d96ae55f7da066ec) Importer(2089858483,192608db42251d675da83286b1cce702)
Start importing Assets/Art/2D Space Kit/Debris/Debris (1).png using Guid(8d6eaaefbef73894d96ae55f7da066ec) Importer(2089858483,192608db42251d675da83286b1cce702) (ScriptedImporter) -> (artifact id: '834ffceea01dbfaee6b0a08afd1cedac') in 0.0153737 seconds
Number of updated asset objects reloaded before import = 0Number of asset objects unloaded after import = 3

========================================================================
Received Import Request.
  Time since last request: 0.000018 seconds.
  path: Assets/Art/2D Space Kit/Background Elements/Stars/Hypergiant.png
  artifactKey: Guid(6b0cd696f55b64e409db945a29d0334d) Importer(2089858483,192608db42251d675da83286b1cce702)
Start importing Assets/Art/2D Space Kit/Background Elements/Stars/Hypergiant.png using Guid(6b0cd696f55b64e409db945a29d0334d) Importer(2089858483,192608db42251d675da83286b1cce702) (ScriptedImporter) -> (artifact id: 'c488f4c18ee35967532a113c3b37bf16') in 0.2094358 seconds
Number of updated asset objects reloaded before import = 0Number of asset objects unloaded after import = 3

========================================================================
Received Import Request.
  Time since last request: 0.000019 seconds.
  path: Assets/Art/2D Space Kit/Turrets/Turret Medium 4.png
  artifactKey: Guid(15b3732051178b24494389111427ff7a) Importer(2089858483,192608db42251d675da83286b1cce702)
Start importing Assets/Art/2D Space Kit/Turrets/Turret Medium 4.png using Guid(15b3732051178b24494389111427ff7a) Importer(2089858483,192608db42251d675da83286b1cce702) (ScriptedImporter) -> (artifact id: '810759ba905f1b766976f2123aa9fcff') in 0.0152458 seconds
Number of updated asset objects reloaded before import = 0Number of asset objects unloaded after import = 3

========================================================================
Received Import Request.
  Time since last request: 0.000024 seconds.
  path: Assets/Art/2D Space Kit/Background Elements/Dust and Nebulae/DustCloud 1.png
  artifactKey: Guid(08ecf4a25d050774aa7035c80c938357) Importer(2089858483,192608db42251d675da83286b1cce702)
Start importing Assets/Art/2D Space Kit/Background Elements/Dust and Nebulae/DustCloud 1.png using Guid(08ecf4a25d050774aa7035c80c938357) Importer(2089858483,192608db42251d675da83286b1cce702) (ScriptedImporter) -> (artifact id: '119a3cd53a207698846d7641e74421c9') in 1.184462 seconds
Number of updated asset objects reloaded before import = 0Number of asset objects unloaded after import = 3

========================================================================
Received Import Request.
  Time since last request: 0.000146 seconds.
  path: Assets/Art/2D Space Kit/Background Elements/Planets/Primordial 1.png
  artifactKey: Guid(81ecaf6e42e6f7d429ddce051f638691) Importer(2089858483,192608db42251d675da83286b1cce702)
Start importing Assets/Art/2D Space Kit/Background Elements/Planets/Primordial 1.png using Guid(81ecaf6e42e6f7d429ddce051f638691) Importer(2089858483,192608db42251d675da83286b1cce702) (ScriptedImporter) -> (artifact id: '95b5969a7eeaf089793fc69dcd96f1b4') in 0.6263399 seconds
Number of updated asset objects reloaded before import = 0Number of asset objects unloaded after import = 3

========================================================================
Received Import Request.
  Time since last request: 0.000029 seconds.
  path: Assets/Scripts/UIManager.cs
  artifactKey: Guid(72a2903d3e111ba43ae6fdb86a5e9db9) Importer(2089858483,192608db42251d675da83286b1cce702)
Start importing Assets/Scripts/UIManager.cs using Guid(72a2903d3e111ba43ae6fdb86a5e9db9) Importer(2089858483,192608db42251d675da83286b1cce702) (ScriptedImporter) -> (artifact id: '276851a7d9d4fc4bcf7daf3aae3f867b') in 0.0043813 seconds
Number of updated asset objects reloaded before import = 0Number of asset objects unloaded after import = 0

========================================================================
Received Import Request.
  Time since last request: 0.000080 seconds.
  path: Assets/Art/2D Space Kit/Ships and Stations/Alien 1.png
  artifactKey: Guid(f7eb00cb3ec9bab45b85d561558c4250) Importer(2089858483,192608db42251d675da83286b1cce702)
Start importing Assets/Art/2D Space Kit/Ships and Stations/Alien 1.png using Guid(f7eb00cb3ec9bab45b85d561558c4250) Importer(2089858483,192608db42251d675da83286b1cce702) (ScriptedImporter) -> (artifact id: '0751ef8ea4a0d740228a95aa97a053bc') in 0.022658 seconds
Number of updated asset objects reloaded before import = 0Number of asset objects unloaded after import = 3

========================================================================
Received Import Request.
  Time since last request: 0.000015 seconds.
  path: Assets/Art/2D Space Kit/Particles (Sprites)/Starflare.png
  artifactKey: Guid(0cf63e7efdccc0a4793feeb4a05ec80e) Importer(2089858483,192608db42251d675da83286b1cce702)
Start importing Assets/Art/2D Space Kit/Particles (Sprites)/Starflare.png using Guid(0cf63e7efdccc0a4793feeb4a05ec80e) Importer(2089858483,192608db42251d675da83286b1cce702) (ScriptedImporter) -> (artifact id: '765c2b8b6f8af69f04c64fb0fdb4dead') in 0.7290682 seconds
Number of updated asset objects reloaded before import = 0Number of asset objects unloaded after import = 3

========================================================================
Received Import Request.
  Time since last request: 0.000019 seconds.
  path: Assets/Art/2D Space Kit/Debris/Debris (2).png
  artifactKey: Guid(dd427b106c4115f4ea1d1c10a4c91f55) Importer(2089858483,192608db42251d675da83286b1cce702)
Start importing Assets/Art/2D Space Kit/Debris/Debris (2).png using Guid(dd427b106c4115f4ea1d1c10a4c91f55) Importer(2089858483,192608db42251d675da83286b1cce702) (ScriptedImporter) -> (artifact id: '6f0193a5bad525ffd9985d64548bbaee') in 0.7608528 seconds
Number of updated asset objects reloaded before import = 0Number of asset objects unloaded after import = 3

========================================================================
Received Import Request.
  Time since last request: 0.000037 seconds.
  path: Assets/Art/2D Space Kit/Backgrounds/Red Nebula 2048/background2.jpg
  artifactKey: Guid(03a24993c022d604ca1d4b85814469bf) Importer(2089858483,192608db42251d675da83286b1cce702)
Start importing Assets/Art/2D Space Kit/Backgrounds/Red Nebula 2048/background2.jpg using Guid(03a24993c022d604ca1d4b85814469bf) Importer(2089858483,192608db42251d675da83286b1cce702) (ScriptedImporter) -> (artifact id: 'e15d28b918261dd5e2bb505d2a620f46') in 0.6326398 seconds
Number of updated asset objects reloaded before import = 0Number of asset objects unloaded after import = 3

========================================================================
Received Import Request.
  Time since last request: 0.000023 seconds.
  path: Assets/Art/2D Space Kit/Particles (Sprites)/SmokeTrail2.png
  artifactKey: Guid(9b8087edefa08d845a52b0cdc30bd7ac) Importer(2089858483,192608db42251d675da83286b1cce702)
Start importing Assets/Art/2D Space Kit/Particles (Sprites)/SmokeTrail2.png using Guid(9b8087edefa08d845a52b0cdc30bd7ac) Importer(2089858483,192608db42251d675da83286b1cce702) (ScriptedImporter) -> (artifact id: 'd910065f119e179f0919b9d5476177e6') in 0.1682019 seconds
Number of updated asset objects reloaded before import = 0Number of asset objects unloaded after import = 1

========================================================================
Received Import Request.
  Time since last request: 0.000042 seconds.
  path: Assets/Art/2D Space Kit/Backgrounds/Red Nebula 2048/background1.jpg
  artifactKey: Guid(921c40fbf1338f9419f3823a92e4a267) Importer(2089858483,192608db42251d675da83286b1cce702)
Start importing Assets/Art/2D Space Kit/Backgrounds/Red Nebula 2048/background1.jpg using Guid(921c40fbf1338f9419f3823a92e4a267) Importer(2089858483,192608db42251d675da83286b1cce702) (ScriptedImporter) -> (artifact id: 'c3c8d25b7ee9ccaea4b6e7e182ef4cd8') in 0.5508167 seconds
Number of updated asset objects reloaded before import = 0Number of asset objects unloaded after import = 3

========================================================================
Received Import Request.
  Time since last request: 21.574320 seconds.
  path: Assets/Prefabs/Bullet 1.prefab
  artifactKey: Guid(c5d963a298c03da4b83240b3c3d12635) Importer(815301076,1909f56bfc062723c751e8b465ee728b)
Start importing Assets/Prefabs/Bullet 1.prefab using Guid(c5d963a298c03da4b83240b3c3d12635) Importer(815301076,1909f56bfc062723c751e8b465ee728b) (PreviewImporter)Refreshing native plugins compatible for Editor in 0.87 ms, found 3 plugins.
Preloading 0 native plugins for Editor in 0.00 ms.
 -> (artifact id: 'a6c4868af2646dc221a6d26a3575cb25') in 0.1075736 seconds
Number of updated asset objects reloaded before import = 0Number of asset objects unloaded after import = 67

========================================================================
Received Import Request.
  Time since last request: 11.183849 seconds.
  path: Assets/Prefabs/Bullet 1.prefab
  artifactKey: Guid(c5d963a298c03da4b83240b3c3d12635) Importer(2089858483,192608db42251d675da83286b1cce702)
Start importing Assets/Prefabs/Bullet 1.prefab using Guid(c5d963a298c03da4b83240b3c3d12635) Importer(2089858483,192608db42251d675da83286b1cce702) (ScriptedImporter) -> (artifact id: 'c9c3a177f5a7137bdc56adc7ba41d9df') in 0.0350484 seconds
Number of updated asset objects reloaded before import = 0Number of asset objects unloaded after import = 27

========================================================================
Received Import Request.
  Time since last request: 15.877816 seconds.
  path: Assets/Prefabs/Bullet 1.prefab
  artifactKey: Guid(c5d963a298c03da4b83240b3c3d12635) Importer(815301076,1909f56bfc062723c751e8b465ee728b)
Start importing Assets/Prefabs/Bullet 1.prefab using Guid(c5d963a298c03da4b83240b3c3d12635) Importer(815301076,1909f56bfc062723c751e8b465ee728b) (PreviewImporter) -> (artifact id: 'ed2389326c20861093947b5cdf8a3c9b') in 0.0277651 seconds
Number of updated asset objects reloaded before import = 0Number of asset objects unloaded after import = 63

========================================================================
Received Import Request.
  Time since last request: 122.214216 seconds.
  path: Assets/Prefabs/Bullet 2.prefab
  artifactKey: Guid(8e3348c1a88977148a25af350490ec19) Importer(815301076,1909f56bfc062723c751e8b465ee728b)
Start importing Assets/Prefabs/Bullet 2.prefab using Guid(8e3348c1a88977148a25af350490ec19) Importer(815301076,1909f56bfc062723c751e8b465ee728b) (PreviewImporter)Refreshing native plugins compatible for Editor in 0.88 ms, found 3 plugins.
Preloading 0 native plugins for Editor in 0.00 ms.
 -> (artifact id: '2d469fc803dcc9a96f174c75936bde87') in 0.0276737 seconds
Number of updated asset objects reloaded before import = 0Number of asset objects unloaded after import = 30

========================================================================
Received Import Request.
  Time since last request: 6.661902 seconds.
  path: Assets/Prefabs/Bullet 1.prefab
  artifactKey: Guid(c5d963a298c03da4b83240b3c3d12635) Importer(2089858483,192608db42251d675da83286b1cce702)
Start importing Assets/Prefabs/Bullet 1.prefab using Guid(c5d963a298c03da4b83240b3c3d12635) Importer(2089858483,192608db42251d675da83286b1cce702) (ScriptedImporter) -> (artifact id: 'de5208955bff412687378d8ff20f2c26') in 0.021667 seconds
Number of updated asset objects reloaded before import = 0Number of asset objects unloaded after import = 27

========================================================================
Received Import Request.
  Time since last request: 14.357199 seconds.
  path: Assets/Prefabs/Bullet 1.prefab
  artifactKey: Guid(c5d963a298c03da4b83240b3c3d12635) Importer(815301076,1909f56bfc062723c751e8b465ee728b)
Start importing Assets/Prefabs/Bullet 1.prefab using Guid(c5d963a298c03da4b83240b3c3d12635) Importer(815301076,1909f56bfc062723c751e8b465ee728b) (PreviewImporter)Refreshing native plugins compatible for Editor in 1.07 ms, found 3 plugins.
Preloading 0 native plugins for Editor in 0.00 ms.
 -> (artifact id: '9f79dcdd2ca74cf47efd2961f36389bb') in 0.0322702 seconds
Number of updated asset objects reloaded before import = 0Number of asset objects unloaded after import = 67

========================================================================
Received Import Request.
  Time since last request: 0.000018 seconds.
  path: Assets/Prefabs/Bullet 2.prefab
  artifactKey: Guid(8e3348c1a88977148a25af350490ec19) Importer(815301076,1909f56bfc062723c751e8b465ee728b)
Start importing Assets/Prefabs/Bullet 2.prefab using Guid(8e3348c1a88977148a25af350490ec19) Importer(815301076,1909f56bfc062723c751e8b465ee728b) (PreviewImporter)Refreshing native plugins compatible for Editor in 0.89 ms, found 3 plugins.
Preloading 0 native plugins for Editor in 0.00 ms.
 -> (artifact id: '83e854d402b7d7e4e5a6f62f8e86d558') in 0.0237342 seconds
Number of updated asset objects reloaded before import = 0Number of asset objects unloaded after import = 30

========================================================================
Received Import Request.
  Time since last request: 5.156863 seconds.
  path: Assets/Art/2D Space Kit/Prefabs/Projectile Sharp.prefab
  artifactKey: Guid(bfe0ba4acc768a5448d46a6c63d8106a) Importer(815301076,1909f56bfc062723c751e8b465ee728b)
Start importing Assets/Art/2D Space Kit/Prefabs/Projectile Sharp.prefab using Guid(bfe0ba4acc768a5448d46a6c63d8106a) Importer(815301076,1909f56bfc062723c751e8b465ee728b) (PreviewImporter)Refreshing native plugins compatible for Editor in 0.83 ms, found 3 plugins.
Preloading 0 native plugins for Editor in 0.00 ms.
 -> (artifact id: '0600466b51a6cce063a581d64ad1d24c') in 0.0251622 seconds
Number of updated asset objects reloaded before import = 0Number of asset objects unloaded after import = 43

========================================================================
Received Import Request.
  Time since last request: 0.000018 seconds.
  path: Assets/Prefabs/Bullet 1.prefab
  artifactKey: Guid(c5d963a298c03da4b83240b3c3d12635) Importer(815301076,1909f56bfc062723c751e8b465ee728b)
Start importing Assets/Prefabs/Bullet 1.prefab using Guid(c5d963a298c03da4b83240b3c3d12635) Importer(815301076,1909f56bfc062723c751e8b465ee728b) (PreviewImporter)Refreshing native plugins compatible for Editor in 1.17 ms, found 3 plugins.
Preloading 0 native plugins for Editor in 0.00 ms.
Refreshing native plugins compatible for Editor in 1.15 ms, found 3 plugins.
Preloading 0 native plugins for Editor in 0.00 ms.
 -> (artifact id: '2a3abe938c80b71e5b9430af66282aff') in 0.0532223 seconds
Number of updated asset objects reloaded before import = 0Number of asset objects unloaded after import = 71

========================================================================
Received Import Request.
  Time since last request: 0.000024 seconds.
  path: Assets/Prefabs/Enemy.prefab
  artifactKey: Guid(9d635546d188eb745b7decae8c33b2e0) Importer(815301076,1909f56bfc062723c751e8b465ee728b)
Start importing Assets/Prefabs/Enemy.prefab using Guid(9d635546d188eb745b7decae8c33b2e0) Importer(815301076,1909f56bfc062723c751e8b465ee728b) (PreviewImporter)Refreshing native plugins compatible for Editor in 1.10 ms, found 3 plugins.
Preloading 0 native plugins for Editor in 0.00 ms.
 -> (artifact id: '9bd2cb715cf80661a04dbfc3308bb16a') in 0.0231441 seconds
Number of updated asset objects reloaded before import = 0Number of asset objects unloaded after import = 31

========================================================================
Received Import Request.
  Time since last request: 2.792017 seconds.
  path: Assets/Sound/Player.mixer
  artifactKey: Guid(29e75807068ecbe45916dd3d02c6cb85) Importer(815301076,1909f56bfc062723c751e8b465ee728b)
Start importing Assets/Sound/Player.mixer using Guid(29e75807068ecbe45916dd3d02c6cb85) Importer(815301076,1909f56bfc062723c751e8b465ee728b) (PreviewImporter)Refreshing native plugins compatible for Editor in 0.83 ms, found 3 plugins.
Preloading 0 native plugins for Editor in 0.00 ms.
 -> (artifact id: '09ec168c5030972c766b49bafb4a5c9b') in 0.0020083 seconds
Number of updated asset objects reloaded before import = 0Number of asset objects unloaded after import = 4

========================================================================
Received Prepare
Begin MonoManager ReloadAssembly
- Loaded All Assemblies, in  0.631 seconds
Refreshing native plugins compatible for Editor in 0.78 ms, found 3 plugins.
Native extension for Android target not found
Native extension for WindowsStandalone target not found
Native extension for WebGL target not found
[Package Manager] Failed to launch server process. Reason: Unity was launched with the -noUpm command-line argument
[Package Manager] Unable to send message (not connected to server process).
[Package Manager] Cannot connect to Unity Package Manager local server
Mono: successfully reloaded assembly
- Finished resetting the current domain, in  0.699 seconds
Domain Reload Profiling: 1333ms
	BeginReloadAssembly (227ms)
		ExecutionOrderSort (0ms)
		DisableScriptedObjects (13ms)
		BackupInstance (0ms)
		ReleaseScriptingObjects (0ms)
		CreateAndSetChildDomain (73ms)
	RebuildCommonClasses (30ms)
	RebuildNativeTypeToScriptingClass (11ms)
	initialDomainReloadingComplete (23ms)
	LoadAllAssembliesAndSetupDomain (341ms)
		LoadAssemblies (324ms)
		RebuildTransferFunctionScriptingTraits (0ms)
		AnalyzeDomain (115ms)
			TypeCache.Refresh (9ms)
				TypeCache.ScanAssembly (0ms)
			BuildScriptInfoCaches (97ms)
			ResolveRequiredComponents (5ms)
	FinalizeReload (700ms)
		ReleaseScriptCaches (0ms)
		RebuildScriptCaches (0ms)
		SetupLoadedEditorAssemblies (575ms)
			LogAssemblyErrors (0ms)
			InitializePlatformSupportModulesInManaged (12ms)
			SetLoadedEditorAssemblies (6ms)
			BeforeProcessingInitializeOnLoad (140ms)
			ProcessInitializeOnLoadAttributes (370ms)
			ProcessInitializeOnLoadMethodAttributes (44ms)
			AfterProcessingInitializeOnLoad (3ms)
			EditorAssembliesLoaded (0ms)
		ExecutionOrderSort2 (0ms)
		AwakeInstancesAfterBackupRestoration (6ms)
Refreshing native plugins compatible for Editor in 0.80 ms, found 3 plugins.
Preloading 0 native plugins for Editor in 0.00 ms.
Unloading 0 Unused Serialized files (Serialized files now loaded: 0)
Unloading 4224 unused Assets / (1.2 MB). Loaded Objects now: 4756.
Memory consumption went from 99.4 MB to 98.2 MB.
Total: 7.459900 ms (FindLiveObjects: 0.671600 ms CreateObjectMapping: 0.356700 ms MarkObjects: 5.037600 ms  DeleteObjects: 1.393300 ms)

Prepare: number of updated asset objects reloaded= 0
========================================================================
Received Import Request.
  Time since last request: 184.922762 seconds.
  path: Assets/Prefabs/Bullet 1.prefab
  artifactKey: Guid(c5d963a298c03da4b83240b3c3d12635) Importer(815301076,1909f56bfc062723c751e8b465ee728b)
Start importing Assets/Prefabs/Bullet 1.prefab using Guid(c5d963a298c03da4b83240b3c3d12635) Importer(815301076,1909f56bfc062723c751e8b465ee728b) (PreviewImporter)Refreshing native plugins compatible for Editor in 1.18 ms, found 3 plugins.
Preloading 0 native plugins for Editor in 0.00 ms.
Refreshing native plugins compatible for Editor in 0.87 ms, found 3 plugins.
Preloading 0 native plugins for Editor in 0.00 ms.
 -> (artifact id: '6df896fce1cb481dcf72ce9405cfb2dd') in 0.1046369 seconds
Number of updated asset objects reloaded before import = 0Number of asset objects unloaded after import = 73

========================================================================
Received Import Request.
  Time since last request: 0.000020 seconds.
  path: Assets/Prefabs/Enemy_2.prefab
  artifactKey: Guid(c24126f62288bf74ebfcdb73d26d7b27) Importer(815301076,1909f56bfc062723c751e8b465ee728b)
Start importing Assets/Prefabs/Enemy_2.prefab using Guid(c24126f62288bf74ebfcdb73d26d7b27) Importer(815301076,1909f56bfc062723c751e8b465ee728b) (PreviewImporter)Refreshing native plugins compatible for Editor in 0.94 ms, found 3 plugins.
Preloading 0 native plugins for Editor in 0.00 ms.
 -> (artifact id: '811f7c7e55e97875461a3765e370d955') in 0.0244862 seconds
Number of updated asset objects reloaded before import = 0Number of asset objects unloaded after import = 33

========================================================================
Received Import Request.
  Time since last request: 18.728433 seconds.
  path: Assets/Prefabs/Bullet 1.prefab
  artifactKey: Guid(c5d963a298c03da4b83240b3c3d12635) Importer(815301076,1909f56bfc062723c751e8b465ee728b)
Start importing Assets/Prefabs/Bullet 1.prefab using Guid(c5d963a298c03da4b83240b3c3d12635) Importer(815301076,1909f56bfc062723c751e8b465ee728b) (PreviewImporter)Refreshing native plugins compatible for Editor in 1.03 ms, found 3 plugins.
Preloading 0 native plugins for Editor in 0.00 ms.
Refreshing native plugins compatible for Editor in 0.95 ms, found 3 plugins.
Preloading 0 native plugins for Editor in 0.00 ms.
 -> (artifact id: '1de5713df22aad67c51e32fcc479d3da') in 0.0330068 seconds
Number of updated asset objects reloaded before import = 0Number of asset objects unloaded after import = 71

========================================================================
Received Import Request.
  Time since last request: 4.458859 seconds.
  path: Assets/Prefabs/Bullet 1.prefab
  artifactKey: Guid(c5d963a298c03da4b83240b3c3d12635) Importer(815301076,1909f56bfc062723c751e8b465ee728b)
Start importing Assets/Prefabs/Bullet 1.prefab using Guid(c5d963a298c03da4b83240b3c3d12635) Importer(815301076,1909f56bfc062723c751e8b465ee728b) (PreviewImporter)Refreshing native plugins compatible for Editor in 0.87 ms, found 3 plugins.
Preloading 0 native plugins for Editor in 0.00 ms.
 -> (artifact id: '8629d3674fc1313eba01de616fb758fa') in 0.0304699 seconds
Number of updated asset objects reloaded before import = 0Number of asset objects unloaded after import = 67

========================================================================
Received Import Request.
  Time since last request: 0.000019 seconds.
  path: Assets/Prefabs/Player.prefab
  artifactKey: Guid(2cfc0144aca113e41a29f1adc3874c5e) Importer(815301076,1909f56bfc062723c751e8b465ee728b)
Start importing Assets/Prefabs/Player.prefab using Guid(2cfc0144aca113e41a29f1adc3874c5e) Importer(815301076,1909f56bfc062723c751e8b465ee728b) (PreviewImporter) -> (artifact id: 'b6f905b8f7f9446cc11e9a7eda8e7656') in 0.0196393 seconds
Number of updated asset objects reloaded before import = 0Number of asset objects unloaded after import = 27

========================================================================
Received Import Request.
  Time since last request: 5.310816 seconds.
  path: Assets/Prefabs/Bullet 1.prefab
  artifactKey: Guid(c5d963a298c03da4b83240b3c3d12635) Importer(815301076,1909f56bfc062723c751e8b465ee728b)
Start importing Assets/Prefabs/Bullet 1.prefab using Guid(c5d963a298c03da4b83240b3c3d12635) Importer(815301076,1909f56bfc062723c751e8b465ee728b) (PreviewImporter) -> (artifact id: '56e61b6ff441e29faee58b543bea5cfd') in 0.0302 seconds
Number of updated asset objects reloaded before import = 0Number of asset objects unloaded after import = 63

========================================================================
Received Import Request.
  Time since last request: 137.940443 seconds.
  path: Assets/Prefabs/Bullet 1.prefab
  artifactKey: Guid(c5d963a298c03da4b83240b3c3d12635) Importer(815301076,1909f56bfc062723c751e8b465ee728b)
Start importing Assets/Prefabs/Bullet 1.prefab using Guid(c5d963a298c03da4b83240b3c3d12635) Importer(815301076,1909f56bfc062723c751e8b465ee728b) (PreviewImporter)Refreshing native plugins compatible for Editor in 0.88 ms, found 3 plugins.
Preloading 0 native plugins for Editor in 0.00 ms.
 -> (artifact id: '5c7db753efa47b040a16295f79ed733c') in 0.0311024 seconds
Number of updated asset objects reloaded before import = 0Number of asset objects unloaded after import = 75

========================================================================
Received Import Request.
  Time since last request: 22.977227 seconds.
  path: Assets/Art/2D Space Kit/Prefabs/Explosion 1.prefab
  artifactKey: Guid(35a6285d727e1d8429dab6d18abe8855) Importer(815301076,1909f56bfc062723c751e8b465ee728b)
Start importing Assets/Art/2D Space Kit/Prefabs/Explosion 1.prefab using Guid(35a6285d727e1d8429dab6d18abe8855) Importer(815301076,1909f56bfc062723c751e8b465ee728b) (PreviewImporter) -> (artifact id: 'abf15a0fad64779ccdb5972b179cac14') in 0.0181926 seconds
Number of updated asset objects reloaded before import = 0Number of asset objects unloaded after import = 15

========================================================================
Received Import Request.
  Time since last request: 0.000016 seconds.
  path: Assets/Art/2D Space Kit/Prefabs/Projectile Sharp.prefab
  artifactKey: Guid(bfe0ba4acc768a5448d46a6c63d8106a) Importer(815301076,1909f56bfc062723c751e8b465ee728b)
Start importing Assets/Art/2D Space Kit/Prefabs/Projectile Sharp.prefab using Guid(bfe0ba4acc768a5448d46a6c63d8106a) Importer(815301076,1909f56bfc062723c751e8b465ee728b) (PreviewImporter) -> (artifact id: '55338f05538c27bc9d4a57f02661c78e') in 0.0199408 seconds
Number of updated asset objects reloaded before import = 0Number of asset objects unloaded after import = 39

========================================================================
Received Import Request.
  Time since last request: 11.035774 seconds.
  path: Assets/Art/2D Space Kit/Prefabs/Projectile Sharp.prefab
  artifactKey: Guid(bfe0ba4acc768a5448d46a6c63d8106a) Importer(815301076,1909f56bfc062723c751e8b465ee728b)
Start importing Assets/Art/2D Space Kit/Prefabs/Projectile Sharp.prefab using Guid(bfe0ba4acc768a5448d46a6c63d8106a) Importer(815301076,1909f56bfc062723c751e8b465ee728b) (PreviewImporter)Refreshing native plugins compatible for Editor in 0.91 ms, found 3 plugins.
Preloading 0 native plugins for Editor in 0.00 ms.
 -> (artifact id: '4d2605eb85a1365782eed5f875d59414') in 0.0235163 seconds
Number of updated asset objects reloaded before import = 0Number of asset objects unloaded after import = 51

========================================================================
Received Import Request.
  Time since last request: 0.000018 seconds.
  path: Assets/Prefabs/Bullet 1.prefab
  artifactKey: Guid(c5d963a298c03da4b83240b3c3d12635) Importer(815301076,1909f56bfc062723c751e8b465ee728b)
Start importing Assets/Prefabs/Bullet 1.prefab using Guid(c5d963a298c03da4b83240b3c3d12635) Importer(815301076,1909f56bfc062723c751e8b465ee728b) (PreviewImporter)Refreshing native plugins compatible for Editor in 0.90 ms, found 3 plugins.
Preloading 0 native plugins for Editor in 0.00 ms.
 -> (artifact id: 'ba5889f820d59e2c941573ef83941bb1') in 0.0310402 seconds
Number of updated asset objects reloaded before import = 0Number of asset objects unloaded after import = 75

========================================================================
Received Import Request.
  Time since last request: 0.000043 seconds.
  path: Assets/Prefabs/Enemy_2.prefab
  artifactKey: Guid(c24126f62288bf74ebfcdb73d26d7b27) Importer(815301076,1909f56bfc062723c751e8b465ee728b)
Start importing Assets/Prefabs/Enemy_2.prefab using Guid(c24126f62288bf74ebfcdb73d26d7b27) Importer(815301076,1909f56bfc062723c751e8b465ee728b) (PreviewImporter)Refreshing native plugins compatible for Editor in 0.84 ms, found 3 plugins.
Preloading 0 native plugins for Editor in 0.00 ms.
 -> (artifact id: '51797fdca2ad355eb96e7b8b29b6c7d7') in 0.0207231 seconds
Number of updated asset objects reloaded before import = 0Number of asset objects unloaded after import = 39

========================================================================
Received Import Request.
  Time since last request: 15.298009 seconds.
  path: Assets/Art/2D Space Kit/Prefabs/Projectile Sharp.prefab
  artifactKey: Guid(bfe0ba4acc768a5448d46a6c63d8106a) Importer(815301076,1909f56bfc062723c751e8b465ee728b)
Start importing Assets/Art/2D Space Kit/Prefabs/Projectile Sharp.prefab using Guid(bfe0ba4acc768a5448d46a6c63d8106a) Importer(815301076,1909f56bfc062723c751e8b465ee728b) (PreviewImporter)Refreshing native plugins compatible for Editor in 0.83 ms, found 3 plugins.
Preloading 0 native plugins for Editor in 0.00 ms.
 -> (artifact id: '13aac304f4a7def20e4394e98ff06ad2') in 0.0233437 seconds
Number of updated asset objects reloaded before import = 0Number of asset objects unloaded after import = 51

========================================================================
Received Import Request.
  Time since last request: 0.008504 seconds.
  path: Assets/Prefabs/Bullet 1.prefab
  artifactKey: Guid(c5d963a298c03da4b83240b3c3d12635) Importer(815301076,1909f56bfc062723c751e8b465ee728b)
Start importing Assets/Prefabs/Bullet 1.prefab using Guid(c5d963a298c03da4b83240b3c3d12635) Importer(815301076,1909f56bfc062723c751e8b465ee728b) (PreviewImporter)Refreshing native plugins compatible for Editor in 1.06 ms, found 3 plugins.
Preloading 0 native plugins for Editor in 0.00 ms.
 -> (artifact id: '12570ed9603fb35720abc7e21004a584') in 0.0319986 seconds
Number of updated asset objects reloaded before import = 0Number of asset objects unloaded after import = 75

========================================================================
Received Import Request.
  Time since last request: 0.000020 seconds.
  path: Assets/Prefabs/Enemy_2.prefab
  artifactKey: Guid(c24126f62288bf74ebfcdb73d26d7b27) Importer(815301076,1909f56bfc062723c751e8b465ee728b)
Start importing Assets/Prefabs/Enemy_2.prefab using Guid(c24126f62288bf74ebfcdb73d26d7b27) Importer(815301076,1909f56bfc062723c751e8b465ee728b) (PreviewImporter)Refreshing native plugins compatible for Editor in 1.00 ms, found 3 plugins.
Preloading 0 native plugins for Editor in 0.00 ms.
 -> (artifact id: '544a2ff757f0f26f69b833617475c418') in 0.019679 seconds
Number of updated asset objects reloaded before import = 0Number of asset objects unloaded after import = 39

========================================================================
Received Import Request.
  Time since last request: 4.027147 seconds.
  path: Assets/Prefabs/Bullet 1.prefab
  artifactKey: Guid(c5d963a298c03da4b83240b3c3d12635) Importer(815301076,1909f56bfc062723c751e8b465ee728b)
Start importing Assets/Prefabs/Bullet 1.prefab using Guid(c5d963a298c03da4b83240b3c3d12635) Importer(815301076,1909f56bfc062723c751e8b465ee728b) (PreviewImporter)Refreshing native plugins compatible for Editor in 1.27 ms, found 3 plugins.
Preloading 0 native plugins for Editor in 0.00 ms.
 -> (artifact id: '7d2c2d2f2f20a6f9fe3af6d12c3999c4') in 0.0460189 seconds
Number of updated asset objects reloaded before import = 0Number of asset objects unloaded after import = 75

========================================================================
Received Prepare
Begin MonoManager ReloadAssembly
- Loaded All Assemblies, in  0.635 seconds
Refreshing native plugins compatible for Editor in 0.76 ms, found 3 plugins.
Native extension for Android target not found
Native extension for WindowsStandalone target not found
Native extension for WebGL target not found
[Package Manager] Failed to launch server process. Reason: Unity was launched with the -noUpm command-line argument
[Package Manager] Unable to send message (not connected to server process).
[Package Manager] Cannot connect to Unity Package Manager local server
Mono: successfully reloaded assembly
- Finished resetting the current domain, in  0.697 seconds
Domain Reload Profiling: 1334ms
	BeginReloadAssembly (213ms)
		ExecutionOrderSort (0ms)
		DisableScriptedObjects (15ms)
		BackupInstance (0ms)
		ReleaseScriptingObjects (0ms)
		CreateAndSetChildDomain (61ms)
	RebuildCommonClasses (32ms)
	RebuildNativeTypeToScriptingClass (11ms)
	initialDomainReloadingComplete (24ms)
	LoadAllAssembliesAndSetupDomain (356ms)
		LoadAssemblies (328ms)
		RebuildTransferFunctionScriptingTraits (0ms)
		AnalyzeDomain (123ms)
			TypeCache.Refresh (6ms)
				TypeCache.ScanAssembly (0ms)
			BuildScriptInfoCaches (109ms)
			ResolveRequiredComponents (5ms)
	FinalizeReload (697ms)
		ReleaseScriptCaches (0ms)
		RebuildScriptCaches (0ms)
		SetupLoadedEditorAssemblies (576ms)
			LogAssemblyErrors (0ms)
			InitializePlatformSupportModulesInManaged (11ms)
			SetLoadedEditorAssemblies (7ms)
			BeforeProcessingInitializeOnLoad (148ms)
			ProcessInitializeOnLoadAttributes (361ms)
			ProcessInitializeOnLoadMethodAttributes (46ms)
			AfterProcessingInitializeOnLoad (3ms)
			EditorAssembliesLoaded (0ms)
		ExecutionOrderSort2 (0ms)
		AwakeInstancesAfterBackupRestoration (6ms)
Refreshing native plugins compatible for Editor in 0.87 ms, found 3 plugins.
Preloading 0 native plugins for Editor in 0.00 ms.
Unloading 0 Unused Serialized files (Serialized files now loaded: 0)
Unloading 4224 unused Assets / (1.1 MB). Loaded Objects now: 4758.
Memory consumption went from 99.5 MB to 98.4 MB.
Total: 7.247400 ms (FindLiveObjects: 0.518900 ms CreateObjectMapping: 0.537500 ms MarkObjects: 4.869800 ms  DeleteObjects: 1.320400 ms)

Prepare: number of updated asset objects reloaded= 0
========================================================================
Received Import Request.
  Time since last request: 114.400450 seconds.
  path: Assets/Art/2D Space Kit/Prefabs/Explosion 1.prefab
  artifactKey: Guid(35a6285d727e1d8429dab6d18abe8855) Importer(815301076,1909f56bfc062723c751e8b465ee728b)
Start importing Assets/Art/2D Space Kit/Prefabs/Explosion 1.prefab using Guid(35a6285d727e1d8429dab6d18abe8855) Importer(815301076,1909f56bfc062723c751e8b465ee728b) (PreviewImporter)Refreshing native plugins compatible for Editor in 0.92 ms, found 3 plugins.
Preloading 0 native plugins for Editor in 0.00 ms.
 -> (artifact id: '374b2bce5a11de920d283c287f9dcee4') in 0.0926165 seconds
Number of updated asset objects reloaded before import = 0Number of asset objects unloaded after import = 27

========================================================================
Received Import Request.
  Time since last request: 0.000021 seconds.
  path: Assets/Prefabs/Bullet 2.prefab
  artifactKey: Guid(8e3348c1a88977148a25af350490ec19) Importer(815301076,1909f56bfc062723c751e8b465ee728b)
Start importing Assets/Prefabs/Bullet 2.prefab using Guid(8e3348c1a88977148a25af350490ec19) Importer(815301076,1909f56bfc062723c751e8b465ee728b) (PreviewImporter)Refreshing native plugins compatible for Editor in 0.86 ms, found 3 plugins.
Preloading 0 native plugins for Editor in 0.00 ms.
 -> (artifact id: '605bc533424fbd76e3c78e0334ca7053') in 0.0250491 seconds
Number of updated asset objects reloaded before import = 0Number of asset objects unloaded after import = 38

========================================================================
Received Import Request.
  Time since last request: 0.000018 seconds.
  path: Assets/Prefabs/Bullet 1.prefab
  artifactKey: Guid(c5d963a298c03da4b83240b3c3d12635) Importer(815301076,1909f56bfc062723c751e8b465ee728b)
Start importing Assets/Prefabs/Bullet 1.prefab using Guid(c5d963a298c03da4b83240b3c3d12635) Importer(815301076,1909f56bfc062723c751e8b465ee728b) (PreviewImporter)Refreshing native plugins compatible for Editor in 0.94 ms, found 3 plugins.
Preloading 0 native plugins for Editor in 0.00 ms.
 -> (artifact id: '538fe194509b40bb5b17edad9c53d9f0') in 0.0287405 seconds
Number of updated asset objects reloaded before import = 0Number of asset objects unloaded after import = 75

========================================================================
Received Prepare
Begin MonoManager ReloadAssembly
- Loaded All Assemblies, in  0.588 seconds
Refreshing native plugins compatible for Editor in 0.73 ms, found 3 plugins.
Native extension for Android target not found
Native extension for WindowsStandalone target not found
Native extension for WebGL target not found
[Package Manager] Failed to launch server process. Reason: Unity was launched with the -noUpm command-line argument
[Package Manager] Unable to send message (not connected to server process).
[Package Manager] Cannot connect to Unity Package Manager local server
Mono: successfully reloaded assembly
- Finished resetting the current domain, in  0.652 seconds
Domain Reload Profiling: 1242ms
	BeginReloadAssembly (200ms)
		ExecutionOrderSort (0ms)
		DisableScriptedObjects (14ms)
		BackupInstance (0ms)
		ReleaseScriptingObjects (0ms)
		CreateAndSetChildDomain (55ms)
	RebuildCommonClasses (32ms)
	RebuildNativeTypeToScriptingClass (12ms)
	initialDomainReloadingComplete (24ms)
	LoadAllAssembliesAndSetupDomain (323ms)
		LoadAssemblies (295ms)
		RebuildTransferFunctionScriptingTraits (0ms)
		AnalyzeDomain (115ms)
			TypeCache.Refresh (5ms)
				TypeCache.ScanAssembly (0ms)
			BuildScriptInfoCaches (101ms)
			ResolveRequiredComponents (6ms)
	FinalizeReload (652ms)
		ReleaseScriptCaches (0ms)
		RebuildScriptCaches (0ms)
		SetupLoadedEditorAssemblies (537ms)
			LogAssemblyErrors (0ms)
			InitializePlatformSupportModulesInManaged (11ms)
			SetLoadedEditorAssemblies (6ms)
			BeforeProcessingInitializeOnLoad (118ms)
			ProcessInitializeOnLoadAttributes (353ms)
			ProcessInitializeOnLoadMethodAttributes (45ms)
			AfterProcessingInitializeOnLoad (3ms)
			EditorAssembliesLoaded (0ms)
		ExecutionOrderSort2 (0ms)
		AwakeInstancesAfterBackupRestoration (6ms)
Refreshing native plugins compatible for Editor in 0.86 ms, found 3 plugins.
Preloading 0 native plugins for Editor in 0.00 ms.
Unloading 0 Unused Serialized files (Serialized files now loaded: 0)
Unloading 4224 unused Assets / (1.4 MB). Loaded Objects now: 4760.
Memory consumption went from 99.6 MB to 98.1 MB.
Total: 8.052400 ms (FindLiveObjects: 0.617700 ms CreateObjectMapping: 0.830600 ms MarkObjects: 5.031100 ms  DeleteObjects: 1.570000 ms)

Prepare: number of updated asset objects reloaded= 0
========================================================================
Received Prepare
Begin MonoManager ReloadAssembly
- Loaded All Assemblies, in  0.588 seconds
Refreshing native plugins compatible for Editor in 0.85 ms, found 3 plugins.
Native extension for Android target not found
Native extension for WindowsStandalone target not found
Native extension for WebGL target not found
[Package Manager] Failed to launch server process. Reason: Unity was launched with the -noUpm command-line argument
[Package Manager] Unable to send message (not connected to server process).
[Package Manager] Cannot connect to Unity Package Manager local server
Mono: successfully reloaded assembly
- Finished resetting the current domain, in  0.659 seconds
Domain Reload Profiling: 1248ms
	BeginReloadAssembly (194ms)
		ExecutionOrderSort (0ms)
		DisableScriptedObjects (14ms)
		BackupInstance (0ms)
		ReleaseScriptingObjects (0ms)
		CreateAndSetChildDomain (46ms)
	RebuildCommonClasses (31ms)
	RebuildNativeTypeToScriptingClass (11ms)
	initialDomainReloadingComplete (23ms)
	LoadAllAssembliesAndSetupDomain (330ms)
		LoadAssemblies (301ms)
		RebuildTransferFunctionScriptingTraits (0ms)
		AnalyzeDomain (119ms)
			TypeCache.Refresh (7ms)
				TypeCache.ScanAssembly (0ms)
			BuildScriptInfoCaches (104ms)
			ResolveRequiredComponents (5ms)
	FinalizeReload (659ms)
		ReleaseScriptCaches (0ms)
		RebuildScriptCaches (0ms)
		SetupLoadedEditorAssemblies (538ms)
			LogAssemblyErrors (0ms)
			InitializePlatformSupportModulesInManaged (11ms)
			SetLoadedEditorAssemblies (6ms)
			BeforeProcessingInitializeOnLoad (118ms)
			ProcessInitializeOnLoadAttributes (355ms)
			ProcessInitializeOnLoadMethodAttributes (44ms)
			AfterProcessingInitializeOnLoad (4ms)
			EditorAssembliesLoaded (0ms)
		ExecutionOrderSort2 (0ms)
		AwakeInstancesAfterBackupRestoration (9ms)
Refreshing native plugins compatible for Editor in 0.84 ms, found 3 plugins.
Preloading 0 native plugins for Editor in 0.00 ms.
Unloading 0 Unused Serialized files (Serialized files now loaded: 0)
Unloading 4222 unused Assets / (0.9 MB). Loaded Objects now: 4762.
Memory consumption went from 99.6 MB to 98.6 MB.
Total: 6.205900 ms (FindLiveObjects: 0.475500 ms CreateObjectMapping: 0.233900 ms MarkObjects: 4.376300 ms  DeleteObjects: 1.119200 ms)

Prepare: number of updated asset objects reloaded= 0
========================================================================
Received Import Request.
  Time since last request: 174.413781 seconds.
  path: Assets/Prefabs/Bullet.prefab
  artifactKey: Guid(0bc13028d0d0075459d81810c18fe875) Importer(815301076,1909f56bfc062723c751e8b465ee728b)
Start importing Assets/Prefabs/Bullet.prefab using Guid(0bc13028d0d0075459d81810c18fe875) Importer(815301076,1909f56bfc062723c751e8b465ee728b) (PreviewImporter)Refreshing native plugins compatible for Editor in 1.22 ms, found 3 plugins.
Preloading 0 native plugins for Editor in 0.00 ms.
 -> (artifact id: '224bbcff37a95d558496eafd1bafdf4f') in 0.1098144 seconds
Number of updated asset objects reloaded before import = 0Number of asset objects unloaded after import = 78

========================================================================
Received Import Request.
  Time since last request: 0.000030 seconds.
  path: Assets/Prefabs/Bullet 2.prefab
  artifactKey: Guid(8e3348c1a88977148a25af350490ec19) Importer(815301076,1909f56bfc062723c751e8b465ee728b)
Start importing Assets/Prefabs/Bullet 2.prefab using Guid(8e3348c1a88977148a25af350490ec19) Importer(815301076,1909f56bfc062723c751e8b465ee728b) (PreviewImporter)Refreshing native plugins compatible for Editor in 0.95 ms, found 3 plugins.
Preloading 0 native plugins for Editor in 0.00 ms.
 -> (artifact id: '0ac09644fe84b6e40f931bb7e5fc4145') in 0.0256935 seconds
Number of updated asset objects reloaded before import = 0Number of asset objects unloaded after import = 38

========================================================================
Received Import Request.
  Time since last request: 0.000025 seconds.
  path: Assets/Prefabs/Player.prefab
  artifactKey: Guid(2cfc0144aca113e41a29f1adc3874c5e) Importer(815301076,1909f56bfc062723c751e8b465ee728b)
Start importing Assets/Prefabs/Player.prefab using Guid(2cfc0144aca113e41a29f1adc3874c5e) Importer(815301076,1909f56bfc062723c751e8b465ee728b) (PreviewImporter)Refreshing native plugins compatible for Editor in 0.92 ms, found 3 plugins.
Preloading 0 native plugins for Editor in 0.00 ms.
 -> (artifact id: '0ee227a991f0980591d20f072f0b4175') in 0.0189238 seconds
Number of updated asset objects reloaded before import = 0Number of asset objects unloaded after import = 39

========================================================================
Received Prepare
Begin MonoManager ReloadAssembly
- Loaded All Assemblies, in  0.649 seconds
Refreshing native plugins compatible for Editor in 0.83 ms, found 3 plugins.
Native extension for Android target not found
Native extension for WindowsStandalone target not found
Native extension for WebGL target not found
[Package Manager] Failed to launch server process. Reason: Unity was launched with the -noUpm command-line argument
[Package Manager] Unable to send message (not connected to server process).
[Package Manager] Cannot connect to Unity Package Manager local server
Mono: successfully reloaded assembly
- Finished resetting the current domain, in  0.667 seconds
Domain Reload Profiling: 1318ms
	BeginReloadAssembly (226ms)
		ExecutionOrderSort (0ms)
		DisableScriptedObjects (14ms)
		BackupInstance (0ms)
		ReleaseScriptingObjects (0ms)
		CreateAndSetChildDomain (51ms)
	RebuildCommonClasses (31ms)
	RebuildNativeTypeToScriptingClass (11ms)
	initialDomainReloadingComplete (24ms)
	LoadAllAssembliesAndSetupDomain (359ms)
		LoadAssemblies (352ms)
		RebuildTransferFunctionScriptingTraits (0ms)
		AnalyzeDomain (121ms)
			TypeCache.Refresh (10ms)
				TypeCache.ScanAssembly (0ms)
			BuildScriptInfoCaches (103ms)
			ResolveRequiredComponents (5ms)
	FinalizeReload (667ms)
		ReleaseScriptCaches (0ms)
		RebuildScriptCaches (0ms)
		SetupLoadedEditorAssemblies (552ms)
			LogAssemblyErrors (0ms)
			InitializePlatformSupportModulesInManaged (12ms)
			SetLoadedEditorAssemblies (6ms)
			BeforeProcessingInitializeOnLoad (120ms)
			ProcessInitializeOnLoadAttributes (367ms)
			ProcessInitializeOnLoadMethodAttributes (44ms)
			AfterProcessingInitializeOnLoad (3ms)
			EditorAssembliesLoaded (0ms)
		ExecutionOrderSort2 (0ms)
		AwakeInstancesAfterBackupRestoration (6ms)
Refreshing native plugins compatible for Editor in 1.09 ms, found 3 plugins.
Preloading 0 native plugins for Editor in 0.00 ms.
Unloading 0 Unused Serialized files (Serialized files now loaded: 0)
Unloading 4224 unused Assets / (0.9 MB). Loaded Objects now: 4764.
Memory consumption went from 99.5 MB to 98.6 MB.
Total: 6.452000 ms (FindLiveObjects: 0.568100 ms CreateObjectMapping: 0.270400 ms MarkObjects: 4.479500 ms  DeleteObjects: 1.132900 ms)

Prepare: number of updated asset objects reloaded= 0
========================================================================
Received Prepare
Begin MonoManager ReloadAssembly
- Loaded All Assemblies, in  0.581 seconds
Refreshing native plugins compatible for Editor in 0.81 ms, found 3 plugins.
Native extension for Android target not found
Native extension for WindowsStandalone target not found
Native extension for WebGL target not found
[Package Manager] Failed to launch server process. Reason: Unity was launched with the -noUpm command-line argument
[Package Manager] Unable to send message (not connected to server process).
[Package Manager] Cannot connect to Unity Package Manager local server
Mono: successfully reloaded assembly
- Finished resetting the current domain, in  0.647 seconds
Domain Reload Profiling: 1231ms
	BeginReloadAssembly (192ms)
		ExecutionOrderSort (0ms)
		DisableScriptedObjects (14ms)
		BackupInstance (0ms)
		ReleaseScriptingObjects (0ms)
		CreateAndSetChildDomain (48ms)
	RebuildCommonClasses (30ms)
	RebuildNativeTypeToScriptingClass (11ms)
	initialDomainReloadingComplete (25ms)
	LoadAllAssembliesAndSetupDomain (324ms)
		LoadAssemblies (297ms)
		RebuildTransferFunctionScriptingTraits (0ms)
		AnalyzeDomain (116ms)
			TypeCache.Refresh (9ms)
				TypeCache.ScanAssembly (0ms)
			BuildScriptInfoCaches (98ms)
			ResolveRequiredComponents (5ms)
	FinalizeReload (648ms)
		ReleaseScriptCaches (0ms)
		RebuildScriptCaches (0ms)
		SetupLoadedEditorAssemblies (530ms)
			LogAssemblyErrors (0ms)
			InitializePlatformSupportModulesInManaged (11ms)
			SetLoadedEditorAssemblies (6ms)
			BeforeProcessingInitializeOnLoad (119ms)
			ProcessInitializeOnLoadAttributes (346ms)
			ProcessInitializeOnLoadMethodAttributes (45ms)
			AfterProcessingInitializeOnLoad (2ms)
			EditorAssembliesLoaded (0ms)
		ExecutionOrderSort2 (0ms)
		AwakeInstancesAfterBackupRestoration (6ms)
Refreshing native plugins compatible for Editor in 0.84 ms, found 3 plugins.
Preloading 0 native plugins for Editor in 0.00 ms.
Unloading 0 Unused Serialized files (Serialized files now loaded: 0)
Unloading 4222 unused Assets / (0.9 MB). Loaded Objects now: 4766.
Memory consumption went from 99.6 MB to 98.6 MB.
Total: 6.248200 ms (FindLiveObjects: 0.656600 ms CreateObjectMapping: 0.326800 ms MarkObjects: 4.312500 ms  DeleteObjects: 0.951600 ms)

Prepare: number of updated asset objects reloaded= 0
========================================================================
Received Import Request.
  Time since last request: 275.411990 seconds.
  path: Assets/Art/2D Space Kit/Prefabs/Explosion 1.prefab
  artifactKey: Guid(35a6285d727e1d8429dab6d18abe8855) Importer(815301076,1909f56bfc062723c751e8b465ee728b)
Start importing Assets/Art/2D Space Kit/Prefabs/Explosion 1.prefab using Guid(35a6285d727e1d8429dab6d18abe8855) Importer(815301076,1909f56bfc062723c751e8b465ee728b) (PreviewImporter)Refreshing native plugins compatible for Editor in 0.94 ms, found 3 plugins.
Preloading 0 native plugins for Editor in 0.00 ms.
 -> (artifact id: '78e5eedf8fdafdd4dedb3438d4707d11') in 0.0845547 seconds
Number of updated asset objects reloaded before import = 0Number of asset objects unloaded after import = 27

========================================================================
Received Import Request.
  Time since last request: 0.000019 seconds.
  path: Assets/Art/2D Space Kit/Prefabs/Projectile Sharp.prefab
  artifactKey: Guid(bfe0ba4acc768a5448d46a6c63d8106a) Importer(815301076,1909f56bfc062723c751e8b465ee728b)
Start importing Assets/Art/2D Space Kit/Prefabs/Projectile Sharp.prefab using Guid(bfe0ba4acc768a5448d46a6c63d8106a) Importer(815301076,1909f56bfc062723c751e8b465ee728b) (PreviewImporter)Refreshing native plugins compatible for Editor in 0.88 ms, found 3 plugins.
Preloading 0 native plugins for Editor in 0.00 ms.
 -> (artifact id: '8197ecac4adf20313115b91e438cd04f') in 0.0241808 seconds
Number of updated asset objects reloaded before import = 0Number of asset objects unloaded after import = 51

========================================================================
Received Import Request.
  Time since last request: 4.585315 seconds.
  path: Assets/Prefabs/Bullet 1.prefab
  artifactKey: Guid(c5d963a298c03da4b83240b3c3d12635) Importer(815301076,1909f56bfc062723c751e8b465ee728b)
Start importing Assets/Prefabs/Bullet 1.prefab using Guid(c5d963a298c03da4b83240b3c3d12635) Importer(815301076,1909f56bfc062723c751e8b465ee728b) (PreviewImporter)Refreshing native plugins compatible for Editor in 1.21 ms, found 3 plugins.
Preloading 0 native plugins for Editor in 0.00 ms.
 -> (artifact id: '67f0c2e7474b8fcdd6aa88811b081c29') in 0.0316463 seconds
Number of updated asset objects reloaded before import = 0Number of asset objects unloaded after import = 75

========================================================================
Received Import Request.
  Time since last request: 0.000025 seconds.
  path: Assets/Prefabs/Bullet 2.prefab
  artifactKey: Guid(8e3348c1a88977148a25af350490ec19) Importer(815301076,1909f56bfc062723c751e8b465ee728b)
Start importing Assets/Prefabs/Bullet 2.prefab using Guid(8e3348c1a88977148a25af350490ec19) Importer(815301076,1909f56bfc062723c751e8b465ee728b) (PreviewImporter)Refreshing native plugins compatible for Editor in 0.93 ms, found 3 plugins.
Preloading 0 native plugins for Editor in 0.00 ms.
 -> (artifact id: '0dfefa32199803d7ead8eb29b85fc168') in 0.0257461 seconds
Number of updated asset objects reloaded before import = 0Number of asset objects unloaded after import = 38

========================================================================
Received Import Request.
  Time since last request: 0.000022 seconds.
  path: Assets/Prefabs/Enemy_2.prefab
  artifactKey: Guid(c24126f62288bf74ebfcdb73d26d7b27) Importer(815301076,1909f56bfc062723c751e8b465ee728b)
Start importing Assets/Prefabs/Enemy_2.prefab using Guid(c24126f62288bf74ebfcdb73d26d7b27) Importer(815301076,1909f56bfc062723c751e8b465ee728b) (PreviewImporter)Refreshing native plugins compatible for Editor in 1.07 ms, found 3 plugins.
Preloading 0 native plugins for Editor in 0.00 ms.
 -> (artifact id: 'bd3079792902a7881c8daa31d3af192d') in 0.0236837 seconds
Number of updated asset objects reloaded before import = 0Number of asset objects unloaded after import = 39

Editor requested this worker to shutdown with reason: Scaling down because of idle timeout
AssetImportWorker is now disconnected from the server
Process exiting
Exiting without the bug reporter. Application will terminate with return code 0